Seq	Host	Starttime	JobRuntime	Send	Receive	Exitval	Signal	Command
3	:	1709231297.062	    30.434	0	0	0	0	bwa mem -t 5 -R '@RG\tID:1001C\tSM:1001C\tPL:ILLUMINA' /Scratch/jill/reference/bslug.final.fa.gz /Scratch/jill/alignment_results_fastp/1001C.fq.gz | samtools sort -@ 5 -o /Scratch/jill/alignment_results_bwa/1001C_SE.bam
1	:	1709231297.052	    69.871	0	0	0	0	bwa mem -t 5 -R '@RG\tID:1001A\tSM:1001A\tPL:ILLUMINA' /Scratch/jill/reference/bslug.final.fa.gz /Scratch/jill/alignment_results_fastp/1001A.fq.gz | samtools sort -@ 5 -o /Scratch/jill/alignment_results_bwa/1001A_SE.bam
7	:	1709231297.083	   150.728	0	0	0	0	bwa mem -t 5 -R '@RG\tID:1011B\tSM:1011B\tPL:ILLUMINA' /Scratch/jill/reference/bslug.final.fa.gz /Scratch/jill/alignment_results_fastp/1011B.fq.gz | samtools sort -@ 5 -o /Scratch/jill/alignment_results_bwa/1011B_SE.bam
2	:	1709231297.057	   166.305	0	0	0	0	bwa mem -t 5 -R '@RG\tID:1001B\tSM:1001B\tPL:ILLUMINA' /Scratch/jill/reference/bslug.final.fa.gz /Scratch/jill/alignment_results_fastp/1001B.fq.gz | samtools sort -@ 5 -o /Scratch/jill/alignment_results_bwa/1001B_SE.bam
10	:	1709231297.101	   239.080	0	0	0	0	bwa mem -t 5 -R '@RG\tID:1014A\tSM:1014A\tPL:ILLUMINA' /Scratch/jill/reference/bslug.final.fa.gz /Scratch/jill/alignment_results_fastp/1014A.fq.gz | samtools sort -@ 5 -o /Scratch/jill/alignment_results_bwa/1014A_SE.bam
4	:	1709231297.067	   240.835	0	0	0	0	bwa mem -t 5 -R '@RG\tID:1006A\tSM:1006A\tPL:ILLUMINA' /Scratch/jill/reference/bslug.final.fa.gz /Scratch/jill/alignment_results_fastp/1006A.fq.gz | samtools sort -@ 5 -o /Scratch/jill/alignment_results_bwa/1006A_SE.bam
6	:	1709231297.077	   241.837	0	0	0	0	bwa mem -t 5 -R '@RG\tID:1010C\tSM:1010C\tPL:ILLUMINA' /Scratch/jill/reference/bslug.final.fa.gz /Scratch/jill/alignment_results_fastp/1010C.fq.gz | samtools sort -@ 5 -o /Scratch/jill/alignment_results_bwa/1010C_SE.bam
9	:	1709231297.095	   268.343	0	0	0	0	bwa mem -t 5 -R '@RG\tID:1013C\tSM:1013C\tPL:ILLUMINA' /Scratch/jill/reference/bslug.final.fa.gz /Scratch/jill/alignment_results_fastp/1013C.fq.gz | samtools sort -@ 5 -o /Scratch/jill/alignment_results_bwa/1013C_SE.bam
17	:	1709231538.921	   111.592	0	0	0	0	bwa mem -t 5 -R '@RG\tID:1016C\tSM:1016C\tPL:ILLUMINA' /Scratch/jill/reference/bslug.final.fa.gz /Scratch/jill/alignment_results_fastp/1016C.fq.gz | samtools sort -@ 5 -o /Scratch/jill/alignment_results_bwa/1016C_SE.bam
12	:	1709231366.930	   294.126	0	0	0	0	bwa mem -t 5 -R '@RG\tID:1014C\tSM:1014C\tPL:ILLUMINA' /Scratch/jill/reference/bslug.final.fa.gz /Scratch/jill/alignment_results_fastp/1014C.fq.gz | samtools sort -@ 5 -o /Scratch/jill/alignment_results_bwa/1014C_SE.bam
8	:	1709231297.089	   365.282	0	0	0	0	bwa mem -t 5 -R '@RG\tID:1013B\tSM:1013B\tPL:ILLUMINA' /Scratch/jill/reference/bslug.final.fa.gz /Scratch/jill/alignment_results_fastp/1013B.fq.gz | samtools sort -@ 5 -o /Scratch/jill/alignment_results_bwa/1013B_SE.bam
14	:	1709231463.369	   234.309	0	0	0	0	bwa mem -t 5 -R '@RG\tID:1015C\tSM:1015C\tPL:ILLUMINA' /Scratch/jill/reference/bslug.final.fa.gz /Scratch/jill/alignment_results_fastp/1015C.fq.gz | samtools sort -@ 5 -o /Scratch/jill/alignment_results_bwa/1015C_SE.bam
18	:	1709231565.444	   171.187	0	0	0	0	bwa mem -t 5 -R '@RG\tID:1026B\tSM:1026B\tPL:ILLUMINA' /Scratch/jill/reference/bslug.final.fa.gz /Scratch/jill/alignment_results_fastp/1026B.fq.gz | samtools sort -@ 5 -o /Scratch/jill/alignment_results_bwa/1026B_SE.bam
13	:	1709231447.817	   330.864	0	0	0	0	bwa mem -t 5 -R '@RG\tID:1015A\tSM:1015A\tPL:ILLUMINA' /Scratch/jill/reference/bslug.final.fa.gz /Scratch/jill/alignment_results_fastp/1015A.fq.gz | samtools sort -@ 5 -o /Scratch/jill/alignment_results_bwa/1015A_SE.bam
11	:	1709231327.504	   460.322	0	0	0	0	bwa mem -t 5 -R '@RG\tID:1014B\tSM:1014B\tPL:ILLUMINA' /Scratch/jill/reference/bslug.final.fa.gz /Scratch/jill/alignment_results_fastp/1014B.fq.gz | samtools sort -@ 5 -o /Scratch/jill/alignment_results_bwa/1014B_SE.bam
22	:	1709231697.685	   131.104	0	0	0	0	bwa mem -t 5 -R '@RG\tID:1028C\tSM:1028C\tPL:ILLUMINA' /Scratch/jill/reference/bslug.final.fa.gz /Scratch/jill/alignment_results_fastp/1028C.fq.gz | samtools sort -@ 5 -o /Scratch/jill/alignment_results_bwa/1028C_SE.bam
16	:	1709231537.909	   301.652	0	0	0	0	bwa mem -t 5 -R '@RG\tID:1016B\tSM:1016B\tPL:ILLUMINA' /Scratch/jill/reference/bslug.final.fa.gz /Scratch/jill/alignment_results_fastp/1016B.fq.gz | samtools sort -@ 5 -o /Scratch/jill/alignment_results_bwa/1016B_SE.bam
24	:	1709231778.686	    95.934	0	0	0	0	bwa mem -t 5 -R '@RG\tID:1029B\tSM:1029B\tPL:ILLUMINA' /Scratch/jill/reference/bslug.final.fa.gz /Scratch/jill/alignment_results_fastp/1029B.fq.gz | samtools sort -@ 5 -o /Scratch/jill/alignment_results_bwa/1029B_SE.bam
5	:	1709231297.072	   606.069	0	0	0	0	bwa mem -t 5 -R '@RG\tID:1010B\tSM:1010B\tPL:ILLUMINA' /Scratch/jill/reference/bslug.final.fa.gz /Scratch/jill/alignment_results_fastp/1010B.fq.gz | samtools sort -@ 5 -o /Scratch/jill/alignment_results_bwa/1010B_SE.bam
23	:	1709231736.637	   193.083	0	0	0	0	bwa mem -t 5 -R '@RG\tID:1029A\tSM:1029A\tPL:ILLUMINA' /Scratch/jill/reference/bslug.final.fa.gz /Scratch/jill/alignment_results_fastp/1029A.fq.gz | samtools sort -@ 5 -o /Scratch/jill/alignment_results_bwa/1029A_SE.bam
19	:	1709231650.520	   279.604	0	0	0	0	bwa mem -t 5 -R '@RG\tID:1026C\tSM:1026C\tPL:ILLUMINA' /Scratch/jill/reference/bslug.final.fa.gz /Scratch/jill/alignment_results_fastp/1026C.fq.gz | samtools sort -@ 5 -o /Scratch/jill/alignment_results_bwa/1026C_SE.bam
27	:	1709231839.567	   147.883	0	0	0	0	bwa mem -t 5 -R '@RG\tID:1030B\tSM:1030B\tPL:ILLUMINA' /Scratch/jill/reference/bslug.final.fa.gz /Scratch/jill/alignment_results_fastp/1030B.fq.gz | samtools sort -@ 5 -o /Scratch/jill/alignment_results_bwa/1030B_SE.bam
28	:	1709231874.627	   136.987	0	0	0	0	bwa mem -t 5 -R '@RG\tID:1030C\tSM:1030C\tPL:ILLUMINA' /Scratch/jill/reference/bslug.final.fa.gz /Scratch/jill/alignment_results_fastp/1030C.fq.gz | samtools sort -@ 5 -o /Scratch/jill/alignment_results_bwa/1030C_SE.bam
25	:	1709231787.832	   231.122	0	0	0	0	bwa mem -t 5 -R '@RG\tID:1029C\tSM:1029C\tPL:ILLUMINA' /Scratch/jill/reference/bslug.final.fa.gz /Scratch/jill/alignment_results_fastp/1029C.fq.gz | samtools sort -@ 5 -o /Scratch/jill/alignment_results_bwa/1029C_SE.bam
26	:	1709231828.795	   209.416	0	0	0	0	bwa mem -t 5 -R '@RG\tID:1030A\tSM:1030A\tPL:ILLUMINA' /Scratch/jill/reference/bslug.final.fa.gz /Scratch/jill/alignment_results_fastp/1030A.fq.gz | samtools sort -@ 5 -o /Scratch/jill/alignment_results_bwa/1030A_SE.bam
31	:	1709231930.130	   116.805	0	0	0	0	bwa mem -t 5 -R '@RG\tID:1031C\tSM:1031C\tPL:ILLUMINA' /Scratch/jill/reference/bslug.final.fa.gz /Scratch/jill/alignment_results_fastp/1031C.fq.gz | samtools sort -@ 5 -o /Scratch/jill/alignment_results_bwa/1031C_SE.bam
29	:	1709231903.147	   199.708	0	0	0	0	bwa mem -t 5 -R '@RG\tID:1031A\tSM:1031A\tPL:ILLUMINA' /Scratch/jill/reference/bslug.final.fa.gz /Scratch/jill/alignment_results_fastp/1031A.fq.gz | samtools sort -@ 5 -o /Scratch/jill/alignment_results_bwa/1031A_SE.bam
20	:	1709231661.064	   449.312	0	0	0	0	bwa mem -t 5 -R '@RG\tID:1028A\tSM:1028A\tPL:ILLUMINA' /Scratch/jill/reference/bslug.final.fa.gz /Scratch/jill/alignment_results_fastp/1028A.fq.gz | samtools sort -@ 5 -o /Scratch/jill/alignment_results_bwa/1028A_SE.bam
30	:	1709231929.727	   200.319	0	0	0	0	bwa mem -t 5 -R '@RG\tID:1031B\tSM:1031B\tPL:ILLUMINA' /Scratch/jill/reference/bslug.final.fa.gz /Scratch/jill/alignment_results_fastp/1031B.fq.gz | samtools sort -@ 5 -o /Scratch/jill/alignment_results_bwa/1031B_SE.bam
33	:	1709232011.622	   131.000	0	0	0	0	bwa mem -t 5 -R '@RG\tID:1033A\tSM:1033A\tPL:ILLUMINA' /Scratch/jill/reference/bslug.final.fa.gz /Scratch/jill/alignment_results_fastp/1033A.fq.gz | samtools sort -@ 5 -o /Scratch/jill/alignment_results_bwa/1033A_SE.bam
32	:	1709231987.457	   187.648	0	0	0	0	bwa mem -t 5 -R '@RG\tID:1032A\tSM:1032A\tPL:ILLUMINA' /Scratch/jill/reference/bslug.final.fa.gz /Scratch/jill/alignment_results_fastp/1032A.fq.gz | samtools sort -@ 5 -o /Scratch/jill/alignment_results_bwa/1032A_SE.bam
36	:	1709232046.942	   202.523	0	0	0	0	bwa mem -t 5 -R '@RG\tID:1034B\tSM:1034B\tPL:ILLUMINA' /Scratch/jill/reference/bslug.final.fa.gz /Scratch/jill/alignment_results_fastp/1034B.fq.gz | samtools sort -@ 5 -o /Scratch/jill/alignment_results_bwa/1034B_SE.bam
15	:	1709231536.187	   734.411	0	0	0	0	bwa mem -t 5 -R '@RG\tID:1016A\tSM:1016A\tPL:ILLUMINA' /Scratch/jill/reference/bslug.final.fa.gz /Scratch/jill/alignment_results_fastp/1016A.fq.gz | samtools sort -@ 5 -o /Scratch/jill/alignment_results_bwa/1016A_SE.bam
21	:	1709231662.379	   630.476	0	0	0	0	bwa mem -t 5 -R '@RG\tID:1028B\tSM:1028B\tPL:ILLUMINA' /Scratch/jill/reference/bslug.final.fa.gz /Scratch/jill/alignment_results_fastp/1028B.fq.gz | samtools sort -@ 5 -o /Scratch/jill/alignment_results_bwa/1028B_SE.bam
39	:	1709232130.054	   240.551	0	0	0	0	bwa mem -t 5 -R '@RG\tID:1035A\tSM:1035A\tPL:ILLUMINA' /Scratch/jill/reference/bslug.final.fa.gz /Scratch/jill/alignment_results_fastp/1035A.fq.gz | samtools sort -@ 5 -o /Scratch/jill/alignment_results_bwa/1035A_SE.bam
37	:	1709232102.862	   272.479	0	0	0	0	bwa mem -t 5 -R '@RG\tID:1034C\tSM:1034C\tPL:ILLUMINA' /Scratch/jill/reference/bslug.final.fa.gz /Scratch/jill/alignment_results_fastp/1034C.fq.gz | samtools sort -@ 5 -o /Scratch/jill/alignment_results_bwa/1034C_SE.bam
34	:	1709232018.960	   356.723	0	0	0	0	bwa mem -t 5 -R '@RG\tID:1033C\tSM:1033C\tPL:ILLUMINA' /Scratch/jill/reference/bslug.final.fa.gz /Scratch/jill/alignment_results_fastp/1033C.fq.gz | samtools sort -@ 5 -o /Scratch/jill/alignment_results_bwa/1033C_SE.bam
40	:	1709232142.628	   246.116	0	0	0	0	bwa mem -t 5 -R '@RG\tID:1035C\tSM:1035C\tPL:ILLUMINA' /Scratch/jill/reference/bslug.final.fa.gz /Scratch/jill/alignment_results_fastp/1035C.fq.gz | samtools sort -@ 5 -o /Scratch/jill/alignment_results_bwa/1035C_SE.bam
41	:	1709232175.111	   237.868	0	0	0	0	bwa mem -t 5 -R '@RG\tID:1036C\tSM:1036C\tPL:ILLUMINA' /Scratch/jill/reference/bslug.final.fa.gz /Scratch/jill/alignment_results_fastp/1036C.fq.gz | samtools sort -@ 5 -o /Scratch/jill/alignment_results_bwa/1036C_SE.bam
43	:	1709232270.605	   191.677	0	0	0	0	bwa mem -t 5 -R '@RG\tID:1037A\tSM:1037A\tPL:ILLUMINA' /Scratch/jill/reference/bslug.final.fa.gz /Scratch/jill/alignment_results_fastp/1037A.fq.gz | samtools sort -@ 5 -o /Scratch/jill/alignment_results_bwa/1037A_SE.bam
45	:	1709232370.612	    95.799	0	0	0	0	bwa mem -t 5 -R '@RG\tID:1037C\tSM:1037C\tPL:ILLUMINA' /Scratch/jill/reference/bslug.final.fa.gz /Scratch/jill/alignment_results_fastp/1037C.fq.gz | samtools sort -@ 5 -o /Scratch/jill/alignment_results_bwa/1037C_SE.bam
35	:	1709232038.218	   462.694	0	0	0	0	bwa mem -t 5 -R '@RG\tID:1034A\tSM:1034A\tPL:ILLUMINA' /Scratch/jill/reference/bslug.final.fa.gz /Scratch/jill/alignment_results_fastp/1034A.fq.gz | samtools sort -@ 5 -o /Scratch/jill/alignment_results_bwa/1034A_SE.bam
47	:	1709232375.690	   135.556	0	0	0	0	bwa mem -t 5 -R '@RG\tID:1038A\tSM:1038A\tPL:ILLUMINA' /Scratch/jill/reference/bslug.final.fa.gz /Scratch/jill/alignment_results_fastp/1038A.fq.gz | samtools sort -@ 5 -o /Scratch/jill/alignment_results_bwa/1038A_SE.bam
38	:	1709232110.382	   513.368	0	0	0	0	bwa mem -t 5 -R '@RG\tID:1034D\tSM:1034D\tPL:ILLUMINA' /Scratch/jill/reference/bslug.final.fa.gz /Scratch/jill/alignment_results_fastp/1034D.fq.gz | samtools sort -@ 5 -o /Scratch/jill/alignment_results_bwa/1034D_SE.bam
48	:	1709232388.751	   238.228	0	0	0	0	bwa mem -t 5 -R '@RG\tID:1038B\tSM:1038B\tPL:ILLUMINA' /Scratch/jill/reference/bslug.final.fa.gz /Scratch/jill/alignment_results_fastp/1038B.fq.gz | samtools sort -@ 5 -o /Scratch/jill/alignment_results_bwa/1038B_SE.bam
49	:	1709232412.987	   282.061	0	0	0	0	bwa mem -t 5 -R '@RG\tID:1038D\tSM:1038D\tPL:ILLUMINA' /Scratch/jill/reference/bslug.final.fa.gz /Scratch/jill/alignment_results_fastp/1038D.fq.gz | samtools sort -@ 5 -o /Scratch/jill/alignment_results_bwa/1038D_SE.bam
52	:	1709232500.918	   240.476	0	0	0	0	bwa mem -t 5 -R '@RG\tID:1039C\tSM:1039C\tPL:ILLUMINA' /Scratch/jill/reference/bslug.final.fa.gz /Scratch/jill/alignment_results_fastp/1039C.fq.gz | samtools sort -@ 5 -o /Scratch/jill/alignment_results_bwa/1039C_SE.bam
50	:	1709232462.290	   292.756	0	0	0	0	bwa mem -t 5 -R '@RG\tID:1039A\tSM:1039A\tPL:ILLUMINA' /Scratch/jill/reference/bslug.final.fa.gz /Scratch/jill/alignment_results_fastp/1039A.fq.gz | samtools sort -@ 5 -o /Scratch/jill/alignment_results_bwa/1039A_SE.bam
51	:	1709232466.418	   290.746	0	0	0	0	bwa mem -t 5 -R '@RG\tID:1039B\tSM:1039B\tPL:ILLUMINA' /Scratch/jill/reference/bslug.final.fa.gz /Scratch/jill/alignment_results_fastp/1039B.fq.gz | samtools sort -@ 5 -o /Scratch/jill/alignment_results_bwa/1039B_SE.bam
44	:	1709232292.861	   486.384	0	0	0	0	bwa mem -t 5 -R '@RG\tID:1037B\tSM:1037B\tPL:ILLUMINA' /Scratch/jill/reference/bslug.final.fa.gz /Scratch/jill/alignment_results_fastp/1037B.fq.gz | samtools sort -@ 5 -o /Scratch/jill/alignment_results_bwa/1037B_SE.bam
42	:	1709232249.472	   547.569	0	0	0	0	bwa mem -t 5 -R '@RG\tID:1036D\tSM:1036D\tPL:ILLUMINA' /Scratch/jill/reference/bslug.final.fa.gz /Scratch/jill/alignment_results_fastp/1036D.fq.gz | samtools sort -@ 5 -o /Scratch/jill/alignment_results_bwa/1036D_SE.bam
57	:	1709232741.404	    91.019	0	0	0	0	bwa mem -t 5 -R '@RG\tID:1041B\tSM:1041B\tPL:ILLUMINA' /Scratch/jill/reference/bslug.final.fa.gz /Scratch/jill/alignment_results_fastp/1041B.fq.gz | samtools sort -@ 5 -o /Scratch/jill/alignment_results_bwa/1041B_SE.bam
46	:	1709232375.347	   489.416	0	0	0	0	bwa mem -t 5 -R '@RG\tID:1037D\tSM:1037D\tPL:ILLUMINA' /Scratch/jill/reference/bslug.final.fa.gz /Scratch/jill/alignment_results_fastp/1037D.fq.gz | samtools sort -@ 5 -o /Scratch/jill/alignment_results_bwa/1037D_SE.bam
56	:	1709232695.056	   187.414	0	0	0	0	bwa mem -t 5 -R '@RG\tID:1040D\tSM:1040D\tPL:ILLUMINA' /Scratch/jill/reference/bslug.final.fa.gz /Scratch/jill/alignment_results_fastp/1040D.fq.gz | samtools sort -@ 5 -o /Scratch/jill/alignment_results_bwa/1040D_SE.bam
62	:	1709232832.430	    77.884	0	0	0	0	bwa mem -t 5 -R '@RG\tID:1043A\tSM:1043A\tPL:ILLUMINA' /Scratch/jill/reference/bslug.final.fa.gz /Scratch/jill/alignment_results_fastp/1043A.fq.gz | samtools sort -@ 5 -o /Scratch/jill/alignment_results_bwa/1043A_SE.bam
53	:	1709232511.252	   406.994	0	0	0	0	bwa mem -t 5 -R '@RG\tID:1040A\tSM:1040A\tPL:ILLUMINA' /Scratch/jill/reference/bslug.final.fa.gz /Scratch/jill/alignment_results_fastp/1040A.fq.gz | samtools sort -@ 5 -o /Scratch/jill/alignment_results_bwa/1040A_SE.bam
54	:	1709232623.758	   315.955	0	0	0	0	bwa mem -t 5 -R '@RG\tID:1040B\tSM:1040B\tPL:ILLUMINA' /Scratch/jill/reference/bslug.final.fa.gz /Scratch/jill/alignment_results_fastp/1040B.fq.gz | samtools sort -@ 5 -o /Scratch/jill/alignment_results_bwa/1040B_SE.bam
55	:	1709232626.984	   333.516	0	0	0	0	bwa mem -t 5 -R '@RG\tID:1040C\tSM:1040C\tPL:ILLUMINA' /Scratch/jill/reference/bslug.final.fa.gz /Scratch/jill/alignment_results_fastp/1040C.fq.gz | samtools sort -@ 5 -o /Scratch/jill/alignment_results_bwa/1040C_SE.bam
59	:	1709232757.172	   232.062	0	0	0	0	bwa mem -t 5 -R '@RG\tID:1042B\tSM:1042B\tPL:ILLUMINA' /Scratch/jill/reference/bslug.final.fa.gz /Scratch/jill/alignment_results_fastp/1042B.fq.gz | samtools sort -@ 5 -o /Scratch/jill/alignment_results_bwa/1042B_SE.bam
58	:	1709232755.053	   488.437	0	0	0	0	bwa mem -t 5 -R '@RG\tID:1042A\tSM:1042A\tPL:ILLUMINA' /Scratch/jill/reference/bslug.final.fa.gz /Scratch/jill/alignment_results_fastp/1042A.fq.gz | samtools sort -@ 5 -o /Scratch/jill/alignment_results_bwa/1042A_SE.bam
67	:	1709232939.719	   344.680	0	0	0	0	bwa mem -t 5 -R '@RG\tID:1044C\tSM:1044C\tPL:ILLUMINA' /Scratch/jill/reference/bslug.final.fa.gz /Scratch/jill/alignment_results_fastp/1044C.fq.gz | samtools sort -@ 5 -o /Scratch/jill/alignment_results_bwa/1044C_SE.bam
63	:	1709232864.769	   624.629	0	0	0	0	bwa mem -t 5 -R '@RG\tID:1043B\tSM:1043B\tPL:ILLUMINA' /Scratch/jill/reference/bslug.final.fa.gz /Scratch/jill/alignment_results_fastp/1043B.fq.gz | samtools sort -@ 5 -o /Scratch/jill/alignment_results_bwa/1043B_SE.bam
66	:	1709232918.253	   717.292	0	0	0	0	bwa mem -t 5 -R '@RG\tID:1044B\tSM:1044B\tPL:ILLUMINA' /Scratch/jill/reference/bslug.final.fa.gz /Scratch/jill/alignment_results_fastp/1044B.fq.gz | samtools sort -@ 5 -o /Scratch/jill/alignment_results_bwa/1044B_SE.bam
65	:	1709232910.322	   868.023	0	0	0	0	bwa mem -t 5 -R '@RG\tID:1044A\tSM:1044A\tPL:ILLUMINA' /Scratch/jill/reference/bslug.final.fa.gz /Scratch/jill/alignment_results_fastp/1044A.fq.gz | samtools sort -@ 5 -o /Scratch/jill/alignment_results_bwa/1044A_SE.bam
72	:	1709233489.406	   353.773	0	0	0	0	bwa mem -t 5 -R '@RG\tID:1046A\tSM:1046A\tPL:ILLUMINA' /Scratch/jill/reference/bslug.final.fa.gz /Scratch/jill/alignment_results_fastp/1046A.fq.gz | samtools sort -@ 5 -o /Scratch/jill/alignment_results_bwa/1046A_SE.bam
70	:	1709233243.498	   617.906	0	0	0	0	bwa mem -t 5 -R '@RG\tID:1045C\tSM:1045C\tPL:ILLUMINA' /Scratch/jill/reference/bslug.final.fa.gz /Scratch/jill/alignment_results_fastp/1045C.fq.gz | samtools sort -@ 5 -o /Scratch/jill/alignment_results_bwa/1045C_SE.bam
73	:	1709233635.552	   345.572	0	0	0	0	bwa mem -t 5 -R '@RG\tID:1046B\tSM:1046B\tPL:ILLUMINA' /Scratch/jill/reference/bslug.final.fa.gz /Scratch/jill/alignment_results_fastp/1046B.fq.gz | samtools sort -@ 5 -o /Scratch/jill/alignment_results_bwa/1046B_SE.bam
76	:	1709233861.411	   187.835	0	0	0	0	bwa mem -t 5 -R '@RG\tID:1047A\tSM:1047A\tPL:ILLUMINA' /Scratch/jill/reference/bslug.final.fa.gz /Scratch/jill/alignment_results_fastp/1047A.fq.gz | samtools sort -@ 5 -o /Scratch/jill/alignment_results_bwa/1047A_SE.bam
75	:	1709233843.186	   242.694	0	0	0	0	bwa mem -t 5 -R '@RG\tID:1046D\tSM:1046D\tPL:ILLUMINA' /Scratch/jill/reference/bslug.final.fa.gz /Scratch/jill/alignment_results_fastp/1046D.fq.gz | samtools sort -@ 5 -o /Scratch/jill/alignment_results_bwa/1046D_SE.bam
74	:	1709233778.352	   330.438	0	0	0	0	bwa mem -t 5 -R '@RG\tID:1046C\tSM:1046C\tPL:ILLUMINA' /Scratch/jill/reference/bslug.final.fa.gz /Scratch/jill/alignment_results_fastp/1046C.fq.gz | samtools sort -@ 5 -o /Scratch/jill/alignment_results_bwa/1046C_SE.bam
71	:	1709233284.407	   828.721	0	0	0	0	bwa mem -t 5 -R '@RG\tID:1045D\tSM:1045D\tPL:ILLUMINA' /Scratch/jill/reference/bslug.final.fa.gz /Scratch/jill/alignment_results_fastp/1045D.fq.gz | samtools sort -@ 5 -o /Scratch/jill/alignment_results_bwa/1045D_SE.bam
69	:	1709232989.240	  1162.473	0	0	0	0	bwa mem -t 5 -R '@RG\tID:1045B\tSM:1045B\tPL:ILLUMINA' /Scratch/jill/reference/bslug.final.fa.gz /Scratch/jill/alignment_results_fastp/1045B.fq.gz | samtools sort -@ 5 -o /Scratch/jill/alignment_results_bwa/1045B_SE.bam
78	:	1709234049.252	   176.158	0	0	0	0	bwa mem -t 5 -R '@RG\tID:1047C\tSM:1047C\tPL:ILLUMINA' /Scratch/jill/reference/bslug.final.fa.gz /Scratch/jill/alignment_results_fastp/1047C.fq.gz | samtools sort -@ 5 -o /Scratch/jill/alignment_results_bwa/1047C_SE.bam
77	:	1709233981.130	   285.103	0	0	0	0	bwa mem -t 5 -R '@RG\tID:1047B\tSM:1047B\tPL:ILLUMINA' /Scratch/jill/reference/bslug.final.fa.gz /Scratch/jill/alignment_results_fastp/1047B.fq.gz | samtools sort -@ 5 -o /Scratch/jill/alignment_results_bwa/1047B_SE.bam
60	:	1709232779.252	  1504.270	0	0	0	0	bwa mem -t 5 -R '@RG\tID:1042C\tSM:1042C\tPL:ILLUMINA' /Scratch/jill/reference/bslug.final.fa.gz /Scratch/jill/alignment_results_fastp/1042C.fq.gz | samtools sort -@ 5 -o /Scratch/jill/alignment_results_bwa/1042C_SE.bam
80	:	1709234108.797	   175.001	0	0	0	0	bwa mem -t 5 -R '@RG\tID:1048B\tSM:1048B\tPL:ILLUMINA' /Scratch/jill/reference/bslug.final.fa.gz /Scratch/jill/alignment_results_fastp/1048B.fq.gz | samtools sort -@ 5 -o /Scratch/jill/alignment_results_bwa/1048B_SE.bam
81	:	1709234113.136	   183.991	0	0	0	0	bwa mem -t 5 -R '@RG\tID:1048C\tSM:1048C\tPL:ILLUMINA' /Scratch/jill/reference/bslug.final.fa.gz /Scratch/jill/alignment_results_fastp/1048C.fq.gz | samtools sort -@ 5 -o /Scratch/jill/alignment_results_bwa/1048C_SE.bam
79	:	1709234085.887	   273.059	0	0	0	0	bwa mem -t 5 -R '@RG\tID:1048A\tSM:1048A\tPL:ILLUMINA' /Scratch/jill/reference/bslug.final.fa.gz /Scratch/jill/alignment_results_fastp/1048A.fq.gz | samtools sort -@ 5 -o /Scratch/jill/alignment_results_bwa/1048A_SE.bam
64	:	1709232882.476	  1663.297	0	0	0	0	bwa mem -t 5 -R '@RG\tID:1043C\tSM:1043C\tPL:ILLUMINA' /Scratch/jill/reference/bslug.final.fa.gz /Scratch/jill/alignment_results_fastp/1043C.fq.gz | samtools sort -@ 5 -o /Scratch/jill/alignment_results_bwa/1043C_SE.bam
86	:	1709234283.805	   293.141	0	0	0	0	bwa mem -t 5 -R '@RG\tID:1049D\tSM:1049D\tPL:ILLUMINA' /Scratch/jill/reference/bslug.final.fa.gz /Scratch/jill/alignment_results_fastp/1049D.fq.gz | samtools sort -@ 5 -o /Scratch/jill/alignment_results_bwa/1049D_SE.bam
61	:	1709232797.046	  1822.561	0	0	0	0	bwa mem -t 5 -R '@RG\tID:1042D\tSM:1042D\tPL:ILLUMINA' /Scratch/jill/reference/bslug.final.fa.gz /Scratch/jill/alignment_results_fastp/1042D.fq.gz | samtools sort -@ 5 -o /Scratch/jill/alignment_results_bwa/1042D_SE.bam
88	:	1709234358.952	   474.166	0	0	0	0	bwa mem -t 5 -R '@RG\tID:1050B\tSM:1050B\tPL:ILLUMINA' /Scratch/jill/reference/bslug.final.fa.gz /Scratch/jill/alignment_results_fastp/1050B.fq.gz | samtools sort -@ 5 -o /Scratch/jill/alignment_results_bwa/1050B_SE.bam
87	:	1709234297.133	   571.558	0	0	0	0	bwa mem -t 5 -R '@RG\tID:1050A\tSM:1050A\tPL:ILLUMINA' /Scratch/jill/reference/bslug.final.fa.gz /Scratch/jill/alignment_results_fastp/1050A.fq.gz | samtools sort -@ 5 -o /Scratch/jill/alignment_results_bwa/1050A_SE.bam
85	:	1709234283.530	   713.081	0	0	0	0	bwa mem -t 5 -R '@RG\tID:1049C\tSM:1049C\tPL:ILLUMINA' /Scratch/jill/reference/bslug.final.fa.gz /Scratch/jill/alignment_results_fastp/1049C.fq.gz | samtools sort -@ 5 -o /Scratch/jill/alignment_results_bwa/1049C_SE.bam
84	:	1709234266.241	   762.246	0	0	0	0	bwa mem -t 5 -R '@RG\tID:1049B\tSM:1049B\tPL:ILLUMINA' /Scratch/jill/reference/bslug.final.fa.gz /Scratch/jill/alignment_results_fastp/1049B.fq.gz | samtools sort -@ 5 -o /Scratch/jill/alignment_results_bwa/1049B_SE.bam
83	:	1709234225.418	   819.831	0	0	0	0	bwa mem -t 5 -R '@RG\tID:1049A\tSM:1049A\tPL:ILLUMINA' /Scratch/jill/reference/bslug.final.fa.gz /Scratch/jill/alignment_results_fastp/1049A.fq.gz | samtools sort -@ 5 -o /Scratch/jill/alignment_results_bwa/1049A_SE.bam
82	:	1709234151.719	   946.253	0	0	0	0	bwa mem -t 5 -R '@RG\tID:1048D\tSM:1048D\tPL:ILLUMINA' /Scratch/jill/reference/bslug.final.fa.gz /Scratch/jill/alignment_results_fastp/1048D.fq.gz | samtools sort -@ 5 -o /Scratch/jill/alignment_results_bwa/1048D_SE.bam
92	:	1709234833.124	   433.546	0	0	0	0	bwa mem -t 5 -R '@RG\tID:1052A\tSM:1052A\tPL:ILLUMINA' /Scratch/jill/reference/bslug.final.fa.gz /Scratch/jill/alignment_results_fastp/1052A.fq.gz | samtools sort -@ 5 -o /Scratch/jill/alignment_results_bwa/1052A_SE.bam
89	:	1709234545.780	   826.720	0	0	0	0	bwa mem -t 5 -R '@RG\tID:1050C\tSM:1050C\tPL:ILLUMINA' /Scratch/jill/reference/bslug.final.fa.gz /Scratch/jill/alignment_results_fastp/1050C.fq.gz | samtools sort -@ 5 -o /Scratch/jill/alignment_results_bwa/1050C_SE.bam
91	:	1709234619.613	   856.476	0	0	0	0	bwa mem -t 5 -R '@RG\tID:1051A\tSM:1051A\tPL:ILLUMINA' /Scratch/jill/reference/bslug.final.fa.gz /Scratch/jill/alignment_results_fastp/1051A.fq.gz | samtools sort -@ 5 -o /Scratch/jill/alignment_results_bwa/1051A_SE.bam
68	:	1709232960.507	  2571.924	0	0	0	0	bwa mem -t 5 -R '@RG\tID:1045A\tSM:1045A\tPL:ILLUMINA' /Scratch/jill/reference/bslug.final.fa.gz /Scratch/jill/alignment_results_fastp/1045A.fq.gz | samtools sort -@ 5 -o /Scratch/jill/alignment_results_bwa/1045A_SE.bam
90	:	1709234576.954	  1083.085	0	0	0	0	bwa mem -t 5 -R '@RG\tID:1050D\tSM:1050D\tPL:ILLUMINA' /Scratch/jill/reference/bslug.final.fa.gz /Scratch/jill/alignment_results_fastp/1050D.fq.gz | samtools sort -@ 5 -o /Scratch/jill/alignment_results_bwa/1050D_SE.bam
95	:	1709235028.494	   645.851	0	0	0	0	bwa mem -t 5 -R '@RG\tID:1053B\tSM:1053B\tPL:ILLUMINA' /Scratch/jill/reference/bslug.final.fa.gz /Scratch/jill/alignment_results_fastp/1053B.fq.gz | samtools sort -@ 5 -o /Scratch/jill/alignment_results_bwa/1053B_SE.bam
101	:	1709235532.439	   207.874	0	0	0	0	bwa mem -t 5 -R '@RG\tID:BC6\tSM:BC6\tPL:ILLUMINA' /Scratch/jill/reference/bslug.final.fa.gz /Scratch/jill/alignment_results_fastp/BC6.fq.gz | samtools sort -@ 5 -o /Scratch/jill/alignment_results_bwa/BC6_SE.bam
96	:	1709235045.261	   846.328	0	0	0	0	bwa mem -t 5 -R '@RG\tID:BC1\tSM:BC1\tPL:ILLUMINA' /Scratch/jill/reference/bslug.final.fa.gz /Scratch/jill/alignment_results_fastp/BC1.fq.gz | samtools sort -@ 5 -o /Scratch/jill/alignment_results_bwa/BC1_SE.bam
98	:	1709235266.678	   654.759	0	0	0	0	bwa mem -t 5 -R '@RG\tID:BC3\tSM:BC3\tPL:ILLUMINA' /Scratch/jill/reference/bslug.final.fa.gz /Scratch/jill/alignment_results_fastp/BC3.fq.gz | samtools sort -@ 5 -o /Scratch/jill/alignment_results_bwa/BC3_SE.bam
100	:	1709235476.096	   455.059	0	0	0	0	bwa mem -t 5 -R '@RG\tID:BC5\tSM:BC5\tPL:ILLUMINA' /Scratch/jill/reference/bslug.final.fa.gz /Scratch/jill/alignment_results_fastp/BC5.fq.gz | samtools sort -@ 5 -o /Scratch/jill/alignment_results_bwa/BC5_SE.bam
104	:	1709235740.319	   208.575	0	0	0	0	bwa mem -t 5 -R '@RG\tID:BC9\tSM:BC9\tPL:ILLUMINA' /Scratch/jill/reference/bslug.final.fa.gz /Scratch/jill/alignment_results_fastp/BC9.fq.gz | samtools sort -@ 5 -o /Scratch/jill/alignment_results_bwa/BC9_SE.bam
94	:	1709234996.617	  1015.485	0	0	0	0	bwa mem -t 5 -R '@RG\tID:1053A\tSM:1053A\tPL:ILLUMINA' /Scratch/jill/reference/bslug.final.fa.gz /Scratch/jill/alignment_results_fastp/1053A.fq.gz | samtools sort -@ 5 -o /Scratch/jill/alignment_results_bwa/1053A_SE.bam
108	:	1709235948.901	    75.227	0	0	0	0	bwa mem -t 5 -R '@RG\tID:FC2\tSM:FC2\tPL:ILLUMINA' /Scratch/jill/reference/bslug.final.fa.gz /Scratch/jill/alignment_results_fastp/FC2.fq.gz | samtools sort -@ 5 -o /Scratch/jill/alignment_results_bwa/FC2_SE.bam
99	:	1709235372.506	   679.378	0	0	0	0	bwa mem -t 5 -R '@RG\tID:BC4\tSM:BC4\tPL:ILLUMINA' /Scratch/jill/reference/bslug.final.fa.gz /Scratch/jill/alignment_results_fastp/BC4.fq.gz | samtools sort -@ 5 -o /Scratch/jill/alignment_results_bwa/BC4_SE.bam
105	:	1709235891.594	   181.355	0	0	0	0	bwa mem -t 5 -R '@RG\tID:FC10\tSM:FC10\tPL:ILLUMINA' /Scratch/jill/reference/bslug.final.fa.gz /Scratch/jill/alignment_results_fastp/FC10.fq.gz | samtools sort -@ 5 -o /Scratch/jill/alignment_results_bwa/FC10_SE.bam
97	:	1709235097.978	  1069.250	0	0	0	0	bwa mem -t 5 -R '@RG\tID:BC2\tSM:BC2\tPL:ILLUMINA' /Scratch/jill/reference/bslug.final.fa.gz /Scratch/jill/alignment_results_fastp/BC2.fq.gz | samtools sort -@ 5 -o /Scratch/jill/alignment_results_bwa/BC2_SE.bam
103	:	1709235674.352	   504.115	0	0	0	0	bwa mem -t 5 -R '@RG\tID:BC8\tSM:BC8\tPL:ILLUMINA' /Scratch/jill/reference/bslug.final.fa.gz /Scratch/jill/alignment_results_fastp/BC8.fq.gz | samtools sort -@ 5 -o /Scratch/jill/alignment_results_bwa/BC8_SE.bam
112	:	1709236072.955	   197.006	0	0	0	0	bwa mem -t 5 -R '@RG\tID:FC6\tSM:FC6\tPL:ILLUMINA' /Scratch/jill/reference/bslug.final.fa.gz /Scratch/jill/alignment_results_fastp/FC6.fq.gz | samtools sort -@ 5 -o /Scratch/jill/alignment_results_bwa/FC6_SE.bam
102	:	1709235660.046	   640.121	0	0	0	0	bwa mem -t 5 -R '@RG\tID:BC7\tSM:BC7\tPL:ILLUMINA' /Scratch/jill/reference/bslug.final.fa.gz /Scratch/jill/alignment_results_fastp/BC7.fq.gz | samtools sort -@ 5 -o /Scratch/jill/alignment_results_bwa/BC7_SE.bam
113	:	1709236167.234	   202.071	0	0	0	0	bwa mem -t 5 -R '@RG\tID:FC7\tSM:FC7\tPL:ILLUMINA' /Scratch/jill/reference/bslug.final.fa.gz /Scratch/jill/alignment_results_fastp/FC7.fq.gz | samtools sort -@ 5 -o /Scratch/jill/alignment_results_bwa/FC7_SE.bam
114	:	1709236178.474	   198.071	0	0	0	0	bwa mem -t 5 -R '@RG\tID:FC8\tSM:FC8\tPL:ILLUMINA' /Scratch/jill/reference/bslug.final.fa.gz /Scratch/jill/alignment_results_fastp/FC8.fq.gz | samtools sort -@ 5 -o /Scratch/jill/alignment_results_bwa/FC8_SE.bam
93	:	1709234868.697	  1520.250	0	0	0	0	bwa mem -t 5 -R '@RG\tID:1052B\tSM:1052B\tPL:ILLUMINA' /Scratch/jill/reference/bslug.final.fa.gz /Scratch/jill/alignment_results_fastp/1052B.fq.gz | samtools sort -@ 5 -o /Scratch/jill/alignment_results_bwa/1052B_SE.bam
110	:	1709236024.135	   391.319	0	0	0	0	bwa mem -t 5 -R '@RG\tID:FC4\tSM:FC4\tPL:ILLUMINA' /Scratch/jill/reference/bslug.final.fa.gz /Scratch/jill/alignment_results_fastp/FC4.fq.gz | samtools sort -@ 5 -o /Scratch/jill/alignment_results_bwa/FC4_SE.bam
109	:	1709236012.108	   443.424	0	0	0	0	bwa mem -t 5 -R '@RG\tID:FC3\tSM:FC3\tPL:ILLUMINA' /Scratch/jill/reference/bslug.final.fa.gz /Scratch/jill/alignment_results_fastp/FC3.fq.gz | samtools sort -@ 5 -o /Scratch/jill/alignment_results_bwa/FC3_SE.bam
107	:	1709235931.163	   616.722	0	0	0	0	bwa mem -t 5 -R '@RG\tID:FC1\tSM:FC1\tPL:ILLUMINA' /Scratch/jill/reference/bslug.final.fa.gz /Scratch/jill/alignment_results_fastp/FC1.fq.gz | samtools sort -@ 5 -o /Scratch/jill/alignment_results_bwa/FC1_SE.bam
120	:	1709236415.460	   213.496	0	0	0	0	bwa mem -t 5 -R '@RG\tID:NR5\tSM:NR5\tPL:ILLUMINA' /Scratch/jill/reference/bslug.final.fa.gz /Scratch/jill/alignment_results_fastp/NR5.fq.gz | samtools sort -@ 5 -o /Scratch/jill/alignment_results_bwa/NR5_SE.bam
115	:	1709236269.966	   447.299	0	0	0	0	bwa mem -t 5 -R '@RG\tID:FC9\tSM:FC9\tPL:ILLUMINA' /Scratch/jill/reference/bslug.final.fa.gz /Scratch/jill/alignment_results_fastp/FC9.fq.gz | samtools sort -@ 5 -o /Scratch/jill/alignment_results_bwa/FC9_SE.bam
118	:	1709236376.552	   342.810	0	0	0	0	bwa mem -t 5 -R '@RG\tID:NR3\tSM:NR3\tPL:ILLUMINA' /Scratch/jill/reference/bslug.final.fa.gz /Scratch/jill/alignment_results_fastp/NR3.fq.gz | samtools sort -@ 5 -o /Scratch/jill/alignment_results_bwa/NR3_SE.bam
106	:	1709235921.444	   822.132	0	0	0	0	bwa mem -t 5 -R '@RG\tID:FC11\tSM:FC11\tPL:ILLUMINA' /Scratch/jill/reference/bslug.final.fa.gz /Scratch/jill/alignment_results_fastp/FC11.fq.gz | samtools sort -@ 5 -o /Scratch/jill/alignment_results_bwa/FC11_SE.bam
122	:	1709236547.892	   290.590	0	0	0	0	bwa mem -t 5 -R '@RG\tID:NR7\tSM:NR7\tPL:ILLUMINA' /Scratch/jill/reference/bslug.final.fa.gz /Scratch/jill/alignment_results_fastp/NR7.fq.gz | samtools sort -@ 5 -o /Scratch/jill/alignment_results_bwa/NR7_SE.bam
125	:	1709236719.368	   188.200	0	0	0	0	bwa mem -t 5 -R '@RG\tID:PC2_1\tSM:PC2_1\tPL:ILLUMINA' /Scratch/jill/reference/bslug.final.fa.gz /Scratch/jill/alignment_results_fastp/PC2_1.fq.gz | samtools sort -@ 5 -o /Scratch/jill/alignment_results_bwa/PC2_1_SE.bam
124	:	1709236717.271	   202.766	0	0	0	0	bwa mem -t 5 -R '@RG\tID:NR9\tSM:NR9\tPL:ILLUMINA' /Scratch/jill/reference/bslug.final.fa.gz /Scratch/jill/alignment_results_fastp/NR9.fq.gz | samtools sort -@ 5 -o /Scratch/jill/alignment_results_bwa/NR9_SE.bam
116	:	1709236300.175	   627.735	0	0	0	0	bwa mem -t 5 -R '@RG\tID:NR1\tSM:NR1\tPL:ILLUMINA' /Scratch/jill/reference/bslug.final.fa.gz /Scratch/jill/alignment_results_fastp/NR1.fq.gz | samtools sort -@ 5 -o /Scratch/jill/alignment_results_bwa/NR1_SE.bam
119	:	1709236388.955	   564.254	0	0	0	0	bwa mem -t 5 -R '@RG\tID:NR4\tSM:NR4\tPL:ILLUMINA' /Scratch/jill/reference/bslug.final.fa.gz /Scratch/jill/alignment_results_fastp/NR4.fq.gz | samtools sort -@ 5 -o /Scratch/jill/alignment_results_bwa/NR4_SE.bam
126	:	1709236743.584	   221.534	0	0	0	0	bwa mem -t 5 -R '@RG\tID:PC2_2\tSM:PC2_2\tPL:ILLUMINA' /Scratch/jill/reference/bslug.final.fa.gz /Scratch/jill/alignment_results_fastp/PC2_2.fq.gz | samtools sort -@ 5 -o /Scratch/jill/alignment_results_bwa/PC2_2_SE.bam
111	:	1709236051.890	   938.291	0	0	0	0	bwa mem -t 5 -R '@RG\tID:FC5\tSM:FC5\tPL:ILLUMINA' /Scratch/jill/reference/bslug.final.fa.gz /Scratch/jill/alignment_results_fastp/FC5.fq.gz | samtools sort -@ 5 -o /Scratch/jill/alignment_results_bwa/FC5_SE.bam
127	:	1709236838.488	   262.098	0	0	0	0	bwa mem -t 5 -R '@RG\tID:PC2_3\tSM:PC2_3\tPL:ILLUMINA' /Scratch/jill/reference/bslug.final.fa.gz /Scratch/jill/alignment_results_fastp/PC2_3.fq.gz | samtools sort -@ 5 -o /Scratch/jill/alignment_results_bwa/PC2_3_SE.bam
129	:	1709236920.044	   243.074	0	0	0	0	bwa mem -t 5 -R '@RG\tID:PC_2\tSM:PC_2\tPL:ILLUMINA' /Scratch/jill/reference/bslug.final.fa.gz /Scratch/jill/alignment_results_fastp/PC_2.fq.gz | samtools sort -@ 5 -o /Scratch/jill/alignment_results_bwa/PC_2_SE.bam
117	:	1709236369.312	   807.802	0	0	0	0	bwa mem -t 5 -R '@RG\tID:NR2\tSM:NR2\tPL:ILLUMINA' /Scratch/jill/reference/bslug.final.fa.gz /Scratch/jill/alignment_results_fastp/NR2.fq.gz | samtools sort -@ 5 -o /Scratch/jill/alignment_results_bwa/NR2_SE.bam
128	:	1709236907.575	   370.575	0	0	0	0	bwa mem -t 5 -R '@RG\tID:PC_1\tSM:PC_1\tPL:ILLUMINA' /Scratch/jill/reference/bslug.final.fa.gz /Scratch/jill/alignment_results_fastp/PC_1.fq.gz | samtools sort -@ 5 -o /Scratch/jill/alignment_results_bwa/PC_1_SE.bam
123	:	1709236628.964	   776.897	0	0	0	0	bwa mem -t 5 -R '@RG\tID:NR8\tSM:NR8\tPL:ILLUMINA' /Scratch/jill/reference/bslug.final.fa.gz /Scratch/jill/alignment_results_fastp/NR8.fq.gz | samtools sort -@ 5 -o /Scratch/jill/alignment_results_bwa/NR8_SE.bam
121	:	1709236455.539	  1104.050	0	0	0	0	bwa mem -t 5 -R '@RG\tID:NR6\tSM:NR6\tPL:ILLUMINA' /Scratch/jill/reference/bslug.final.fa.gz /Scratch/jill/alignment_results_fastp/NR6.fq.gz | samtools sort -@ 5 -o /Scratch/jill/alignment_results_bwa/NR6_SE.bam
130	:	1709236927.917	  1701.555	0	0	0	0	bwa mem -t 5 -R '@RG\tID:PC_3\tSM:PC_3\tPL:ILLUMINA' /Scratch/jill/reference/bslug.final.fa.gz /Scratch/jill/alignment_results_fastp/PC_3.fq.gz | samtools sort -@ 5 -o /Scratch/jill/alignment_results_bwa/PC_3_SE.bam
